<?xml version="1.0" encoding="UTF-8"?>
<!-- Generated by org.testng.reporters.JUnitReportReporter -->
<testsuite skipped="0" hostname="QB-KRT-10118" name="runnerFiles.TestRunner" tests="1" failures="0" timestamp="12 Nov 2019 17:46:14 GMT" time="3.580" errors="0">
  <testcase name="runScenario" time="3.580" classname="runnerFiles.TestRunner"/>
</testsuite> <!-- runnerFiles.TestRunner -->
