<?xml version="1.0" encoding="UTF-8"?>
<!-- Generated by org.testng.reporters.JUnitReportReporter -->
<testsuite skipped="0" hostname="QB-KRT-10118" name="runnerFiles.TestRunner" tests="4" failures="0" timestamp="17 Nov 2019 16:51:28 GMT" time="102.944" errors="0">
  <testcase name="runScenario" time="19.486" classname="runnerFiles.TestRunner"/>
  <testcase name="runScenario" time="38.374" classname="runnerFiles.TestRunner"/>
  <testcase name="runScenario" time="26.352" classname="runnerFiles.TestRunner"/>
  <testcase name="runScenario" time="18.732" classname="runnerFiles.TestRunner"/>
</testsuite> <!-- runnerFiles.TestRunner -->
