<?xml version="1.0" encoding="UTF-8"?>
<!-- Generated by org.testng.reporters.JUnitReportReporter -->
<testsuite skipped="0" hostname="QB-KRT-10118" name="runnerFiles.TestRunner" tests="4" failures="0" timestamp="17 Nov 2019 16:45:10 GMT" time="104.279" errors="0">
  <testcase name="runScenario" time="19.706" classname="runnerFiles.TestRunner"/>
  <testcase name="runScenario" time="39.918" classname="runnerFiles.TestRunner"/>
  <testcase name="runScenario" time="26.081" classname="runnerFiles.TestRunner"/>
  <testcase name="runScenario" time="18.574" classname="runnerFiles.TestRunner"/>
</testsuite> <!-- runnerFiles.TestRunner -->
